[debug] [2024-05-30T12:13:20.566Z] ----------------------------------------------------------------------
[debug] [2024-05-30T12:13:20.568Z] Command:       C:\Users\kohka\DOWNLO~1\firebase-tools-instant-win.exe C:\Users\kohka\.cache\firebase\tools\lib\node_modules\firebase-tools\lib\bin\firebase init
[debug] [2024-05-30T12:13:20.568Z] CLI Version:   13.10.2
[debug] [2024-05-30T12:13:20.569Z] Platform:      win32
[debug] [2024-05-30T12:13:20.569Z] Node Version:  v18.5.0
[debug] [2024-05-30T12:13:20.570Z] Time:          Thu May 30 2024 20:13:20 GMT+0800 (Singapore Standard Time)
[debug] [2024-05-30T12:13:20.570Z] ----------------------------------------------------------------------
[debug] 
[debug] [2024-05-30T12:13:20.575Z] > command requires scopes: ["email","openid","https://www.googleapis.com/auth/cloudplatformprojects.readonly","https://www.googleapis.com/auth/firebase","https://www.googleapis.com/auth/cloud-platform"]
[debug] [2024-05-30T12:13:20.575Z] > authorizing via signed-in user (kohkady@gmail.com)
[info] 
     ######## #### ########  ######## ########     ###     ######  ########
     ##        ##  ##     ## ##       ##     ##  ##   ##  ##       ##
     ######    ##  ########  ######   ########  #########  ######  ######
     ##        ##  ##    ##  ##       ##     ## ##     ##       ## ##
     ##       #### ##     ## ######## ########  ##     ##  ######  ########

You're about to initialize a Firebase project in this directory:

  C:\Users\kohka\Documents\GitHub\aspj24

[info] 
=== Project Setup
[info] 
[info] First, let's associate this project directory with a Firebase project.
[info] You can create multiple project aliases by running firebase use --add, 
[info] but for now we'll just set up a default project.
[info] 
[info] i  If you want to create a project in a Google Cloud organization or folder, please use "firebase projects:create" instead, and return to this command when you've created the project. 
[debug] [2024-05-30T12:13:59.054Z] > refreshing access token with scopes: []
[debug] [2024-05-30T12:13:59.056Z] >>> [apiv2][query] POST https://www.googleapis.com/oauth2/v3/token [none]
[debug] [2024-05-30T12:13:59.056Z] >>> [apiv2][body] POST https://www.googleapis.com/oauth2/v3/token [omitted]
[debug] [2024-05-30T12:13:59.137Z] <<< [apiv2][status] POST https://www.googleapis.com/oauth2/v3/token 400
[debug] [2024-05-30T12:13:59.137Z] <<< [apiv2][body] POST https://www.googleapis.com/oauth2/v3/token [omitted]
[debug] [2024-05-30T12:13:59.137Z] >>> [apiv2][query] POST https://cloudresourcemanager.googleapis.com/v1/projects [none]
[debug] [2024-05-30T12:13:59.137Z] >>> [apiv2][body] POST https://cloudresourcemanager.googleapis.com/v1/projects {"projectId":"southcanteen","name":"southcanteen"}
[debug] [2024-05-30T12:14:00.165Z] <<< [apiv2][status] POST https://cloudresourcemanager.googleapis.com/v1/projects 401
[debug] [2024-05-30T12:14:00.165Z] <<< [apiv2][body] POST https://cloudresourcemanager.googleapis.com/v1/projects {"error":{"code":401,"message":"Request had invalid authentication credentials. Expected OAuth 2 access token, login cookie or other valid authentication credential. See https://developers.google.com/identity/sign-in/web/devconsole-project.","status":"UNAUTHENTICATED","details":[{"@type":"type.googleapis.com/google.rpc.ErrorInfo","reason":"ACCESS_TOKEN_TYPE_UNSUPPORTED","metadata":{"method":"google.cloudresourcemanager.v1.Projects.CreateProject","service":"cloudresourcemanager.googleapis.com"}}]}}
[debug] [2024-05-30T12:14:00.193Z] FirebaseError: HTTP Error: 401, Request had invalid authentication credentials. Expected OAuth 2 access token, login cookie or other valid authentication credential. See https://developers.google.com/identity/sign-in/web/devconsole-project.
    at responseToError (C:\Users\kohka\.cache\firebase\tools\lib\node_modules\firebase-tools\lib\responseToError.js:49:12)
    at RetryOperation._fn (C:\Users\kohka\.cache\firebase\tools\lib\node_modules\firebase-tools\lib\apiv2.js:305:77)
    at process.processTicksAndRejections (node:internal/process/task_queues:95:5)
[error] 
[error] Error: Failed to create project. See firebase-debug.log for more info.
[debug] [2024-05-30T12:14:08.481Z] ----------------------------------------------------------------------
[debug] [2024-05-30T12:14:08.482Z] Command:       C:\Users\kohka\DOWNLO~1\firebase-tools-instant-win.exe C:\Users\kohka\.cache\firebase\tools\lib\node_modules\firebase-tools\lib\bin\firebase init
[debug] [2024-05-30T12:14:08.483Z] CLI Version:   13.10.2
[debug] [2024-05-30T12:14:08.483Z] Platform:      win32
[debug] [2024-05-30T12:14:08.483Z] Node Version:  v18.5.0
[debug] [2024-05-30T12:14:08.484Z] Time:          Thu May 30 2024 20:14:08 GMT+0800 (Singapore Standard Time)
[debug] [2024-05-30T12:14:08.484Z] ----------------------------------------------------------------------
[debug] 
[debug] [2024-05-30T12:14:08.489Z] > command requires scopes: ["email","openid","https://www.googleapis.com/auth/cloudplatformprojects.readonly","https://www.googleapis.com/auth/firebase","https://www.googleapis.com/auth/cloud-platform"]
[debug] [2024-05-30T12:14:08.489Z] > authorizing via signed-in user (kohkady@gmail.com)
[info] 
     ######## #### ########  ######## ########     ###     ######  ########
     ##        ##  ##     ## ##       ##     ##  ##   ##  ##       ##
     ######    ##  ########  ######   ########  #########  ######  ######
     ##        ##  ##    ##  ##       ##     ## ##     ##       ## ##
     ##       #### ##     ## ######## ########  ##     ##  ######  ########

You're about to initialize a Firebase project in this directory:

  C:\Users\kohka\Documents\GitHub\aspj24

[info] 
=== Project Setup
[info] 
[info] First, let's associate this project directory with a Firebase project.
[info] You can create multiple project aliases by running firebase use --add, 
[info] but for now we'll just set up a default project.
[info] 
[debug] [2024-05-30T12:14:44.210Z] > refreshing access token with scopes: []
[debug] [2024-05-30T12:14:44.213Z] >>> [apiv2][query] POST https://www.googleapis.com/oauth2/v3/token [none]
[debug] [2024-05-30T12:14:44.213Z] >>> [apiv2][body] POST https://www.googleapis.com/oauth2/v3/token [omitted]
[debug] [2024-05-30T12:14:44.315Z] <<< [apiv2][status] POST https://www.googleapis.com/oauth2/v3/token 400
[debug] [2024-05-30T12:14:44.315Z] <<< [apiv2][body] POST https://www.googleapis.com/oauth2/v3/token [omitted]
[debug] [2024-05-30T12:14:44.316Z] >>> [apiv2][query] GET https://firebase.googleapis.com/v1beta1/projects pageSize=100
[debug] [2024-05-30T12:14:44.507Z] <<< [apiv2][status] GET https://firebase.googleapis.com/v1beta1/projects 401
[debug] [2024-05-30T12:14:44.508Z] <<< [apiv2][body] GET https://firebase.googleapis.com/v1beta1/projects [omitted]
[debug] [2024-05-30T12:14:44.508Z] HTTP Error: 401, Request had invalid authentication credentials. Expected OAuth 2 access token, login cookie or other valid authentication credential. See https://developers.google.com/identity/sign-in/web/devconsole-project.
[debug] [2024-05-30T12:14:44.539Z] FirebaseError: HTTP Error: 401, Request had invalid authentication credentials. Expected OAuth 2 access token, login cookie or other valid authentication credential. See https://developers.google.com/identity/sign-in/web/devconsole-project.
    at responseToError (C:\Users\kohka\.cache\firebase\tools\lib\node_modules\firebase-tools\lib\responseToError.js:49:12)
    at RetryOperation._fn (C:\Users\kohka\.cache\firebase\tools\lib\node_modules\firebase-tools\lib\apiv2.js:305:77)
    at process.processTicksAndRejections (node:internal/process/task_queues:95:5)
[error] 
[error] Error: Failed to list Firebase projects. See firebase-debug.log for more info.
[debug] [2024-05-30T12:14:48.446Z] ----------------------------------------------------------------------
[debug] [2024-05-30T12:14:48.447Z] Command:       C:\Users\kohka\DOWNLO~1\firebase-tools-instant-win.exe C:\Users\kohka\.cache\firebase\tools\lib\node_modules\firebase-tools\lib\bin\firebase init
[debug] [2024-05-30T12:14:48.448Z] CLI Version:   13.10.2
[debug] [2024-05-30T12:14:48.448Z] Platform:      win32
[debug] [2024-05-30T12:14:48.448Z] Node Version:  v18.5.0
[debug] [2024-05-30T12:14:48.449Z] Time:          Thu May 30 2024 20:14:48 GMT+0800 (Singapore Standard Time)
[debug] [2024-05-30T12:14:48.449Z] ----------------------------------------------------------------------
[debug] 
[debug] [2024-05-30T12:14:48.454Z] > command requires scopes: ["email","openid","https://www.googleapis.com/auth/cloudplatformprojects.readonly","https://www.googleapis.com/auth/firebase","https://www.googleapis.com/auth/cloud-platform"]
[debug] [2024-05-30T12:14:48.454Z] > authorizing via signed-in user (kohkady@gmail.com)
[info] 
     ######## #### ########  ######## ########     ###     ######  ########
     ##        ##  ##     ## ##       ##     ##  ##   ##  ##       ##
     ######    ##  ########  ######   ########  #########  ######  ######
     ##        ##  ##    ##  ##       ##     ## ##     ##       ## ##
     ##       #### ##     ## ######## ########  ##     ##  ######  ########

You're about to initialize a Firebase project in this directory:

  C:\Users\kohka\Documents\GitHub\aspj24

[info] 
=== Project Setup
[info] 
[info] First, let's associate this project directory with a Firebase project.
[info] You can create multiple project aliases by running firebase use --add, 
[info] but for now we'll just set up a default project.
[info] 
[info] i  If you want to create a project in a Google Cloud organization or folder, please use "firebase projects:create" instead, and return to this command when you've created the project. 
[debug] [2024-05-30T12:15:21.357Z] > refreshing access token with scopes: []
[debug] [2024-05-30T12:15:21.358Z] >>> [apiv2][query] POST https://www.googleapis.com/oauth2/v3/token [none]
[debug] [2024-05-30T12:15:21.358Z] >>> [apiv2][body] POST https://www.googleapis.com/oauth2/v3/token [omitted]
[debug] [2024-05-30T12:15:21.451Z] <<< [apiv2][status] POST https://www.googleapis.com/oauth2/v3/token 400
[debug] [2024-05-30T12:15:21.452Z] <<< [apiv2][body] POST https://www.googleapis.com/oauth2/v3/token [omitted]
[debug] [2024-05-30T12:15:21.452Z] >>> [apiv2][query] POST https://cloudresourcemanager.googleapis.com/v1/projects [none]
[debug] [2024-05-30T12:15:21.452Z] >>> [apiv2][body] POST https://cloudresourcemanager.googleapis.com/v1/projects {"projectId":"south","name":"southcanteen"}
[debug] [2024-05-30T12:15:22.420Z] <<< [apiv2][status] POST https://cloudresourcemanager.googleapis.com/v1/projects 401
[debug] [2024-05-30T12:15:22.420Z] <<< [apiv2][body] POST https://cloudresourcemanager.googleapis.com/v1/projects {"error":{"code":401,"message":"Request had invalid authentication credentials. Expected OAuth 2 access token, login cookie or other valid authentication credential. See https://developers.google.com/identity/sign-in/web/devconsole-project.","status":"UNAUTHENTICATED","details":[{"@type":"type.googleapis.com/google.rpc.ErrorInfo","reason":"ACCESS_TOKEN_TYPE_UNSUPPORTED","metadata":{"method":"google.cloudresourcemanager.v1.Projects.CreateProject","service":"cloudresourcemanager.googleapis.com"}}]}}
[debug] [2024-05-30T12:15:22.447Z] FirebaseError: HTTP Error: 401, Request had invalid authentication credentials. Expected OAuth 2 access token, login cookie or other valid authentication credential. See https://developers.google.com/identity/sign-in/web/devconsole-project.
    at responseToError (C:\Users\kohka\.cache\firebase\tools\lib\node_modules\firebase-tools\lib\responseToError.js:49:12)
    at RetryOperation._fn (C:\Users\kohka\.cache\firebase\tools\lib\node_modules\firebase-tools\lib\apiv2.js:305:77)
    at process.processTicksAndRejections (node:internal/process/task_queues:95:5)
[error] 
[error] Error: Failed to create project. See firebase-debug.log for more info.
